[19:33:00] [ServerMain/INFO]: Environment: Environment[sessionHost=https://sessionserver.mojang.com, servicesHost=https://api.minecraftservices.com, name=PROD]
[19:33:04] [ServerMain/INFO]: Loaded 7 recipes
[19:33:04] [ServerMain/INFO]: Loaded 1271 advancements
[19:33:07] [Server thread/INFO]: Starting minecraft server version 1.20.4
[19:33:07] [Server thread/INFO]: Loading properties
[19:33:07] [Server thread/INFO]: Default game type: SURVIVAL
[19:33:07] [Server thread/INFO]: Generating keypair
[19:33:07] [Server console handler/ERROR]: Exception handling console input
java.io.IOException: Descripteur non valide
	at java.io.FileInputStream.readBytes(Native Method) ~[?:?]
	at java.io.FileInputStream.read(FileInputStream.java:287) ~[?:?]
	at java.io.BufferedInputStream.read1(BufferedInputStream.java:345) ~[?:?]
	at java.io.BufferedInputStream.implRead(BufferedInputStream.java:420) ~[?:?]
	at java.io.BufferedInputStream.read(BufferedInputStream.java:399) ~[?:?]
	at sun.nio.cs.StreamDecoder.readBytes(StreamDecoder.java:329) ~[?:?]
	at sun.nio.cs.StreamDecoder.implRead(StreamDecoder.java:372) ~[?:?]
	at sun.nio.cs.StreamDecoder.lockedRead(StreamDecoder.java:215) ~[?:?]
	at sun.nio.cs.StreamDecoder.read(StreamDecoder.java:169) ~[?:?]
	at java.io.InputStreamReader.read(InputStreamReader.java:188) ~[?:?]
	at java.io.BufferedReader.fill(BufferedReader.java:160) ~[?:?]
	at java.io.BufferedReader.implReadLine(BufferedReader.java:370) ~[?:?]
	at java.io.BufferedReader.readLine(BufferedReader.java:347) ~[?:?]
	at java.io.BufferedReader.readLine(BufferedReader.java:436) ~[?:?]
	at ama$1.run(SourceFile:89) ~[server-1.20.4.jar:?]
[19:33:07] [Server thread/INFO]: Starting Minecraft server on *:25565
[19:33:07] [Server thread/INFO]: Using default channel type
[19:33:07] [Server thread/INFO]: Preparing level "world"
[19:33:10] [Server thread/INFO]: Preparing start region for dimension minecraft:overworld
[19:33:23] [Worker-Main-4/INFO]: Preparing spawn area: 0%
[19:33:23] [Worker-Main-4/INFO]: Preparing spawn area: 0%
[19:33:23] [Worker-Main-7/INFO]: Preparing spawn area: 0%
[19:33:23] [Worker-Main-7/INFO]: Preparing spawn area: 0%
[19:33:23] [Worker-Main-7/INFO]: Preparing spawn area: 0%
[19:33:23] [Worker-Main-7/INFO]: Preparing spawn area: 0%
[19:33:23] [Worker-Main-7/INFO]: Preparing spawn area: 0%
[19:33:24] [Worker-Main-4/INFO]: Preparing spawn area: 0%
[19:33:24] [Worker-Main-4/INFO]: Preparing spawn area: 0%
[19:33:24] [Worker-Main-4/INFO]: Preparing spawn area: 0%
[19:33:24] [Worker-Main-4/INFO]: Preparing spawn area: 0%
[19:33:24] [Worker-Main-3/INFO]: Preparing spawn area: 0%
[19:33:24] [Worker-Main-4/INFO]: Preparing spawn area: 0%
[19:33:24] [Worker-Main-5/INFO]: Preparing spawn area: 0%
[19:33:24] [Worker-Main-5/INFO]: Preparing spawn area: 0%
[19:33:24] [Worker-Main-5/INFO]: Preparing spawn area: 0%
[19:33:24] [Worker-Main-5/INFO]: Preparing spawn area: 0%
[19:33:24] [Worker-Main-5/INFO]: Preparing spawn area: 0%
[19:33:24] [Worker-Main-5/INFO]: Preparing spawn area: 0%
[19:33:24] [Worker-Main-5/INFO]: Preparing spawn area: 0%
[19:33:24] [Worker-Main-5/INFO]: Preparing spawn area: 0%
[19:33:24] [Worker-Main-5/INFO]: Preparing spawn area: 0%
[19:33:24] [Worker-Main-1/INFO]: Preparing spawn area: 0%
[19:33:24] [Worker-Main-5/INFO]: Preparing spawn area: 0%
[19:33:24] [Worker-Main-5/INFO]: Preparing spawn area: 0%
[19:33:24] [Worker-Main-1/INFO]: Preparing spawn area: 0%
[19:33:24] [Worker-Main-7/INFO]: Preparing spawn area: 0%
[19:33:24] [Worker-Main-7/INFO]: Preparing spawn area: 0%
[19:33:24] [Worker-Main-3/INFO]: Preparing spawn area: 0%
[19:33:25] [Worker-Main-3/INFO]: Preparing spawn area: 0%
[19:33:25] [Worker-Main-2/INFO]: Preparing spawn area: 0%
[19:33:26] [Worker-Main-1/INFO]: Preparing spawn area: 0%
[19:33:26] [Worker-Main-5/INFO]: Preparing spawn area: 0%
[19:33:27] [Worker-Main-6/INFO]: Preparing spawn area: 0%
[19:33:27] [Worker-Main-2/INFO]: Preparing spawn area: 0%
[19:33:28] [Worker-Main-4/INFO]: Preparing spawn area: 0%
[19:33:28] [Worker-Main-4/INFO]: Preparing spawn area: 0%
[19:33:29] [Worker-Main-4/INFO]: Preparing spawn area: 0%
[19:33:29] [Worker-Main-2/INFO]: Preparing spawn area: 0%
[19:33:30] [Worker-Main-2/INFO]: Preparing spawn area: 2%
[19:33:30] [Worker-Main-6/INFO]: Preparing spawn area: 44%
[19:33:31] [Worker-Main-5/INFO]: Preparing spawn area: 83%
[19:33:31] [Worker-Main-6/INFO]: Preparing spawn area: 88%
[19:33:32] [Server thread/INFO]: Time elapsed: 21585 ms
[19:33:32] [Server thread/INFO]: Done (24.295s)! For help, type "help"
[19:37:34] [User Authenticator #1/INFO]: UUID of player Teskware is 74a5b75a-b2fb-41bd-9412-f30dcfb6df6f
[19:37:35] [Server thread/INFO]: Teskware[/[0:0:0:0:0:0:0:1]:61322] logged in with entity id 34 at (-1770.1615233169869, 93.0, -1852.1194496948804)
[19:37:35] [Server thread/INFO]: Teskware joined the game
[19:37:39] [Server thread/WARN]: Can't keep up! Is the server overloaded? Running 4671ms or 93 ticks behind
[19:38:45] [Server thread/WARN]: Can't keep up! Is the server overloaded? Running 2050ms or 41 ticks behind
[19:39:05] [Server thread/WARN]: Can't keep up! Is the server overloaded? Running 4982ms or 99 ticks behind
[20:15:31] [Server thread/INFO]: Teskware lost connection: Disconnected
[20:15:31] [Server thread/INFO]: Teskware left the game
[20:15:55] [Server thread/INFO]: Stopping server
[20:15:55] [Server thread/INFO]: Saving players
[20:15:55] [Server thread/INFO]: Saving worlds
[20:15:55] [Server thread/INFO]: Saving chunks for level 'ServerLevel[world]'/minecraft:overworld
[20:15:55] [Server thread/INFO]: Saving chunks for level 'ServerLevel[world]'/minecraft:the_nether
[20:15:55] [Server thread/INFO]: Saving chunks for level 'ServerLevel[world]'/minecraft:the_end
[20:15:55] [Server thread/INFO]: ThreadedAnvilChunkStorage (world): All chunks are saved
[20:15:55] [Server thread/INFO]: ThreadedAnvilChunkStorage (DIM-1): All chunks are saved
[20:15:55] [Server thread/INFO]: ThreadedAnvilChunkStorage (DIM1): All chunks are saved
[20:15:55] [Server thread/INFO]: ThreadedAnvilChunkStorage: All dimensions are saved
